<?xml version="1.0" encoding="UTF-8"?>
<!-- Generated by org.testng.reporters.JUnitXMLReporter -->
<testsuite hostname="LAPTOP-P9U8PG08" ignored="0" name="Login_failed" tests="2" failures="0" timestamp="21 Jul 2019 14:31:24 GMT" time="412.714" errors="0">
  <testcase name="feature" time="202.388" classname="cucumber.api.testng.AbstractTestNGCucumberTests"/>
  <testcase name="feature" time="209.472" classname="cucumber.api.testng.AbstractTestNGCucumberTests"/>
</testsuite> <!-- Login_failed -->
