<?xml version="1.0" encoding="UTF-8"?>
<!-- Generated by org.testng.reporters.JUnitXMLReporter -->
<testsuite hostname="LAPTOP-P9U8PG08" ignored="0" name="Question_1" tests="1" failures="1" timestamp="12 Jul 2021 07:36:29 GMT" time="110.445" errors="0">
  <testcase name="feature" time="106.672" classname="cucumber.api.testng.AbstractTestNGCucumberTests">
    <failure type="cucumber.runtime.CucumberException" message="java.lang.AssertionError: Top_Rated_movie_step is fail expected [true] but found [false]">
      <![CDATA[cucumber.runtime.CucumberException: java.lang.AssertionError: Top_Rated_movie_step is fail expected [true] but found [false]
at cucumber.api.testng.TestNGCucumberRunner.runCucumber(TestNGCucumberRunner.java:69)
at cucumber.api.testng.AbstractTestNGCucumberTests.feature(AbstractTestNGCucumberTests.java:21)
Caused by: java.lang.AssertionError: Top_Rated_movie_step is fail expected [true] but found [false]
at com.cucumber.framework.stepdefinition.IMDb_step.Top_Rated_movie_step.verify_Top_Rated_shows_screen_is_displayed(Top_Rated_movie_step.java:45)
at ✽.Then Verify Top Rated shows screen is displayed "Top Rated TV Showss"(featurefile/IMDB/Top_Rated_shows.feature:9)
... Removed 28 stack frames]]>
    </failure>
  </testcase> <!-- feature -->
</testsuite> <!-- Question_1 -->
