<?xml version="1.0" encoding="UTF-8"?>
<!-- Generated by org.testng.reporters.JUnitXMLReporter -->
<testsuite hostname="LAPTOP-P9U8PG08" ignored="0" name="Question_1" tests="2" failures="0" timestamp="11 Apr 2020 04:22:45 GMT" time="332.504" errors="0">
  <testcase name="feature" time="197.322" classname="cucumber.api.testng.AbstractTestNGCucumberTests"/>
  <testcase name="feature" time="134.011" classname="cucumber.api.testng.AbstractTestNGCucumberTests"/>
</testsuite> <!-- Question_1 -->
