<?xml version="1.0" encoding="UTF-8"?>
<testng-results skipped="0" failed="0" ignored="0" total="3" passed="3">
  <reporter-output>
  </reporter-output>
  <suite name="Suite111" duration-ms="510278" started-at="2020-04-11T04:17:13Z" finished-at="2020-04-11T04:25:43Z">
    <groups>
      <group name="cucumber">
        <method signature="AbstractTestNGCucumberTests.feature(cucumber.api.testng.CucumberFeatureWrapper)[pri:0, instance:com.cucumber.framework.runner.IMDb.Question_1@58a90037]" name="feature" class="cucumber.api.testng.AbstractTestNGCucumberTests"/>
        <method signature="AbstractTestNGCucumberTests.feature(cucumber.api.testng.CucumberFeatureWrapper)[pri:0, instance:com.cucumber.framework.runner.IMDb.Question_2@4148db48]" name="feature" class="cucumber.api.testng.AbstractTestNGCucumberTests"/>
        <method signature="AbstractTestNGCucumberTests.feature(cucumber.api.testng.CucumberFeatureWrapper)[pri:0, instance:com.cucumber.framework.runner.Infotech_HR.failedscenario@49e202ad]" name="feature" class="cucumber.api.testng.AbstractTestNGCucumberTests"/>
      </group> <!-- cucumber -->
    </groups>
    <test name="Question_1" duration-ms="332504" started-at="2020-04-11T04:17:13Z" finished-at="2020-04-11T04:22:45Z">
      <class name="com.cucumber.framework.runner.IMDb.Question_1">
        <test-method status="PASS" signature="setUpClass()[pri:0, instance:com.cucumber.framework.runner.IMDb.Question_1@58a90037]" name="setUpClass" is-config="true" duration-ms="674" started-at="2020-04-11T04:17:13Z" finished-at="2020-04-11T04:17:13Z">
          <reporter-output>
          </reporter-output>
        </test-method> <!-- setUpClass -->
        <test-method status="PASS" signature="feature(cucumber.api.testng.CucumberFeatureWrapper)[pri:0, instance:com.cucumber.framework.runner.IMDb.Question_1@58a90037]" name="feature" duration-ms="197322" started-at="2020-04-11T04:17:14Z" description="Runs Cucumber Feature" data-provider="features" finished-at="2020-04-11T04:20:31Z">
          <params>
            <param index="0">
              <value>
                <![CDATA[verify the IMDB_Search_Functionality]]>
              </value>
            </param>
          </params>
          <reporter-output>
          </reporter-output>
        </test-method> <!-- feature -->
        <test-method status="PASS" signature="feature(cucumber.api.testng.CucumberFeatureWrapper)[pri:0, instance:com.cucumber.framework.runner.IMDb.Question_1@58a90037]" name="feature" duration-ms="134011" started-at="2020-04-11T04:20:31Z" description="Runs Cucumber Feature" data-provider="features" finished-at="2020-04-11T04:22:45Z">
          <params>
            <param index="0">
              <value>
                <![CDATA[verify the Top Rated show_Functionality]]>
              </value>
            </param>
          </params>
          <reporter-output>
          </reporter-output>
        </test-method> <!-- feature -->
        <test-method status="PASS" signature="tearDownClass()[pri:0, instance:com.cucumber.framework.runner.IMDb.Question_1@58a90037]" name="tearDownClass" is-config="true" duration-ms="103" started-at="2020-04-11T04:22:45Z" finished-at="2020-04-11T04:22:45Z">
          <reporter-output>
          </reporter-output>
        </test-method> <!-- tearDownClass -->
      </class> <!-- com.cucumber.framework.runner.IMDb.Question_1 -->
    </test> <!-- Question_1 -->
    <test name="Question_2" duration-ms="177530" started-at="2020-04-11T04:22:45Z" finished-at="2020-04-11T04:25:43Z">
      <class name="com.cucumber.framework.runner.IMDb.Question_2">
        <test-method status="PASS" signature="setUpClass()[pri:0, instance:com.cucumber.framework.runner.IMDb.Question_2@4148db48]" name="setUpClass" is-config="true" duration-ms="44" started-at="2020-04-11T04:22:45Z" finished-at="2020-04-11T04:22:45Z">
          <reporter-output>
          </reporter-output>
        </test-method> <!-- setUpClass -->
        <test-method status="PASS" signature="feature(cucumber.api.testng.CucumberFeatureWrapper)[pri:0, instance:com.cucumber.framework.runner.IMDb.Question_2@4148db48]" name="feature" duration-ms="177436" started-at="2020-04-11T04:22:45Z" description="Runs Cucumber Feature" data-provider="features" finished-at="2020-04-11T04:25:43Z">
          <params>
            <param index="0">
              <value>
                <![CDATA[verify the account by filling the registration]]>
              </value>
            </param>
          </params>
          <reporter-output>
          </reporter-output>
        </test-method> <!-- feature -->
        <test-method status="PASS" signature="tearDownClass()[pri:0, instance:com.cucumber.framework.runner.IMDb.Question_2@4148db48]" name="tearDownClass" is-config="true" duration-ms="21" started-at="2020-04-11T04:25:43Z" finished-at="2020-04-11T04:25:43Z">
          <reporter-output>
          </reporter-output>
        </test-method> <!-- tearDownClass -->
      </class> <!-- com.cucumber.framework.runner.IMDb.Question_2 -->
    </test> <!-- Question_2 -->
    <test name="Login_failed" duration-ms="113" started-at="2020-04-11T04:25:43Z" finished-at="2020-04-11T04:25:43Z">
      <class name="com.cucumber.framework.runner.Infotech_HR.failedscenario">
        <test-method status="PASS" signature="setUpClass()[pri:0, instance:com.cucumber.framework.runner.Infotech_HR.failedscenario@49e202ad]" name="setUpClass" is-config="true" duration-ms="73" started-at="2020-04-11T04:25:43Z" finished-at="2020-04-11T04:25:43Z">
          <reporter-output>
          </reporter-output>
        </test-method> <!-- setUpClass -->
        <test-method status="PASS" signature="tearDownClass()[pri:0, instance:com.cucumber.framework.runner.Infotech_HR.failedscenario@49e202ad]" name="tearDownClass" is-config="true" duration-ms="28" started-at="2020-04-11T04:25:43Z" finished-at="2020-04-11T04:25:43Z">
          <reporter-output>
          </reporter-output>
        </test-method> <!-- tearDownClass -->
      </class> <!-- com.cucumber.framework.runner.Infotech_HR.failedscenario -->
    </test> <!-- Login_failed -->
  </suite> <!-- Suite111 -->
</testng-results>
